⚠ Warning: Next.js inferred your workspace root, but it may not be correct.
 We detected multiple lockfiles and selected the directory of /Users/bhaveshashokwaghmare/package-lock.json as the root directory.
 To silence this warning, set `turbopack.root` in your Next.js config, or consider removing one of the lockfiles if it's not needed.
   See https://nextjs.org/docs/app/api-reference/config/next-config-js/turbopack#root-directory for more information.
 Detected additional lockfiles: 
   * /Users/bhaveshashokwaghmare/Library/Mobile Documents/iCloud~md~obsidian/Documents/Proposal/05_projects/aura-salon/app/package-lock.json

▲ Next.js 16.2.6 (Turbopack)

  Creating an optimized production build ...
✓ Compiled successfully in 2.6s
  Running TypeScript ...
  Finished TypeScript in 2.8s ...
  Collecting page data using 7 workers ...
  Generating static pages using 7 workers (0/33) ...
  Generating static pages using 7 workers (8/33) 
  Generating static pages using 7 workers (16/33) 
  Generating static pages using 7 workers (24/33) 
✓ Generating static pages using 7 workers (33/33) in 297ms
  Finalizing page optimization ...

Route (app)
┌ ○ /
├ ○ /_not-found
├ ○ /about
├ ○ /account
├ ○ /book
├ ○ /contact
├ ○ /dashboard
├ ○ /faq
├ ○ /gallery
├ ○ /services
├ ● /services/[slug]
│ ├ /services/signature-cut-and-style
│ ├ /services/single-process-color
│ ├ /services/highlights-balayage
│ └ [+11 more paths]
├ ○ /team
└ ● /team/[slug]
  ├ /team/elena-vasquez
  ├ /team/marcus-okafor
  ├ /team/priya-shah
  └ [+3 more paths]


○  (Static)  prerendered as static content
●  (SSG)     prerendered as static HTML (uses generateStaticParams)

